RXSDK/RXSDK-Android/rxsdk_alimobile/build/intermediates/manifest_merge_blame_file/debug/manifest-merger-blame-debug-report.txt
1<?xml version="1.0" encoding="utf-8"?>
2<manifest xmlns:android="http://schemas.android.com/apk/res/android"
3    package="com.ruixue.alimobile" >
4
5    <uses-sdk android:minSdkVersion="21" />
5-->src/main/AndroidManifest.xml
6
7    <uses-permission android:name="android.permission.INTERNET" /> <!-- 网络访问 -->
7-->src/main/AndroidManifest.xml:5:5-67
7-->src/main/AndroidManifest.xml:5:22-64
8    <uses-permission android:name="android.permission.ACCESS_WIFI_STATE" /> <!-- 检查wifi网络状态 -->
8-->src/main/AndroidManifest.xml:6:5-76
8-->src/main/AndroidManifest.xml:6:22-73
9    <uses-permission android:name="android.permission.ACCESS_NETWORK_STATE" /> <!-- 检查网络状态 -->
9-->src/main/AndroidManifest.xml:7:5-79
9-->src/main/AndroidManifest.xml:7:22-76
10    <uses-permission android:name="android.permission.CHANGE_NETWORK_STATE" /> <!-- 切换网络通道 -->
10-->src/main/AndroidManifest.xml:8:5-79
10-->src/main/AndroidManifest.xml:8:22-76
11    <uses-permission android:name="android.permission.WRITE_EXTERNAL_STORAGE" /> <!-- 本地信息缓存 -->
11-->src/main/AndroidManifest.xml:9:5-81
11-->src/main/AndroidManifest.xml:9:22-78
12    <uses-permission android:name="android.permission.CHANGE_WIFI_STATE" />
12-->src/main/AndroidManifest.xml:10:5-76
12-->src/main/AndroidManifest.xml:10:22-73
13    <!-- 开关wifi状态，解决国内机型移动网络权限问题需要 -->
14    <application>
14-->src/main/AndroidManifest.xml:12:5-52:19
15        <meta-data
15-->src/main/AndroidManifest.xml:13:9-15:67
16            android:name="RX_PLUGIN_ALIAUTH"
16-->src/main/AndroidManifest.xml:14:13-45
17            android:value="com.ruixue.aliqin.AliAuthSdkWrapper" />
17-->src/main/AndroidManifest.xml:15:13-64
18        <!-- 联通电信授权页 -->
19        <activity
19-->src/main/AndroidManifest.xml:17:9-22:65
20            android:name="com.mobile.auth.gatewayauth.LoginAuthActivity"
20-->src/main/AndroidManifest.xml:18:13-73
21            android:configChanges="orientation|keyboardHidden|screenSize"
21-->src/main/AndroidManifest.xml:19:13-74
22            android:exported="false"
22-->src/main/AndroidManifest.xml:20:13-37
23            android:launchMode="singleTask"
23-->src/main/AndroidManifest.xml:21:13-44
24            android:theme="@style/authsdk_activity_dialog_rx" />
24-->src/main/AndroidManifest.xml:22:13-62
25        <!-- 协议页面webview -->
26        <activity
26-->src/main/AndroidManifest.xml:24:9-29:50
27            android:name="com.mobile.auth.gatewayauth.activity.AuthWebVeiwActivity"
27-->src/main/AndroidManifest.xml:25:13-84
28            android:configChanges="orientation|keyboardHidden|screenSize"
28-->src/main/AndroidManifest.xml:26:13-74
29            android:exported="false"
29-->src/main/AndroidManifest.xml:27:13-37
30            android:launchMode="singleTask"
30-->src/main/AndroidManifest.xml:28:13-44
31            android:screenOrientation="behind" />
31-->src/main/AndroidManifest.xml:29:13-47
32        <activity
32-->src/main/AndroidManifest.xml:31:9-37:62
33            android:name="com.mobile.auth.gatewayauth.PrivacyDialogActivity"
33-->src/main/AndroidManifest.xml:32:13-77
34            android:configChanges="orientation|keyboardHidden|screenSize"
34-->src/main/AndroidManifest.xml:33:13-74
35            android:exported="false"
35-->src/main/AndroidManifest.xml:34:13-37
36            android:launchMode="singleTop"
36-->src/main/AndroidManifest.xml:35:13-43
37            android:screenOrientation="behind"
37-->src/main/AndroidManifest.xml:36:13-47
38            android:theme="@style/authsdk_activity_dialog" />
38-->src/main/AndroidManifest.xml:37:13-59
39        <activity
39-->src/main/AndroidManifest.xml:39:9-50:20
40            android:name="com.ruixue.aliqin.PrivacyDetailActivity"
40-->src/main/AndroidManifest.xml:40:13-67
41            android:configChanges="orientation|screenSize|keyboardHidden|screenLayout|navigation|smallestScreenSize|fontScale"
41-->src/main/AndroidManifest.xml:41:13-127
42            android:exported="false"
42-->src/main/AndroidManifest.xml:42:13-37
43            android:launchMode="singleTask"
43-->src/main/AndroidManifest.xml:43:13-44
44            android:screenOrientation="behind"
44-->src/main/AndroidManifest.xml:44:13-47
45            android:theme="@style/authsdk_activity_dialog" >
45-->src/main/AndroidManifest.xml:45:13-59
46            <intent-filter>
46-->src/main/AndroidManifest.xml:46:13-49:29
47                <action android:name="com.aliqin.mytel.protocolWeb" />
47-->src/main/AndroidManifest.xml:47:17-71
47-->src/main/AndroidManifest.xml:47:25-68
48
49                <category android:name="android.intent.category.DEFAULT" />
49-->src/main/AndroidManifest.xml:48:17-76
49-->src/main/AndroidManifest.xml:48:27-73
50            </intent-filter>
51        </activity>
52    </application>
53
54</manifest>